c:\users\32796\desktop\gfold\build\solver_py\p4_cpg_solver\c\solver_code\ecos.dir\debug\vc145.pdb
c:\users\32796\desktop\gfold\build\solver_py\p4_cpg_solver\c\solver_code\ecos.dir\debug\kkt.obj
c:\users\32796\desktop\gfold\build\solver_py\p4_cpg_solver\c\solver_code\ecos.dir\debug\expcone.obj
c:\users\32796\desktop\gfold\build\solver_py\p4_cpg_solver\c\solver_code\ecos.dir\debug\equil.obj
c:\users\32796\desktop\gfold\build\solver_py\p4_cpg_solver\c\solver_code\ecos.dir\debug\ecos.obj
c:\users\32796\desktop\gfold\build\solver_py\p4_cpg_solver\c\solver_code\ecos.dir\debug\ctrlc.obj
c:\users\32796\desktop\gfold\build\solver_py\p4_cpg_solver\c\solver_code\ecos.dir\debug\cone.obj
c:\users\32796\desktop\gfold\build\solver_py\p4_cpg_solver\c\solver_code\ecos.dir\debug\ldl.obj
c:\users\32796\desktop\gfold\build\solver_py\p4_cpg_solver\c\solver_code\ecos.dir\debug\amd_valid.obj
c:\users\32796\desktop\gfold\build\solver_py\p4_cpg_solver\c\solver_code\ecos.dir\debug\amd_preprocess.obj
c:\users\32796\desktop\gfold\build\solver_py\p4_cpg_solver\c\solver_code\ecos.dir\debug\amd_postorder.obj
c:\users\32796\desktop\gfold\build\solver_py\p4_cpg_solver\c\solver_code\ecos.dir\debug\amd_post_tree.obj
c:\users\32796\desktop\gfold\build\solver_py\p4_cpg_solver\c\solver_code\ecos.dir\debug\amd_order.obj
c:\users\32796\desktop\gfold\build\solver_py\p4_cpg_solver\c\solver_code\ecos.dir\debug\amd_info.obj
c:\users\32796\desktop\gfold\build\solver_py\p4_cpg_solver\c\solver_code\ecos.dir\debug\amd_global.obj
c:\users\32796\desktop\gfold\build\solver_py\p4_cpg_solver\c\solver_code\ecos.dir\debug\amd_dump.obj
c:\users\32796\desktop\gfold\build\solver_py\p4_cpg_solver\c\solver_code\ecos.dir\debug\amd_defaults.obj
c:\users\32796\desktop\gfold\build\solver_py\p4_cpg_solver\c\solver_code\ecos.dir\debug\amd_control.obj
c:\users\32796\desktop\gfold\build\solver_py\p4_cpg_solver\c\solver_code\ecos.dir\debug\amd_aat.obj
c:\users\32796\desktop\gfold\build\solver_py\p4_cpg_solver\c\solver_code\ecos.dir\debug\amd_2.obj
c:\users\32796\desktop\gfold\build\solver_py\p4_cpg_solver\c\solver_code\ecos.dir\debug\amd_1.obj
c:\users\32796\desktop\gfold\build\solver_py\p4_cpg_solver\c\solver_code\ecos.dir\debug\ecos_bb_preproc.obj
c:\users\32796\desktop\gfold\build\solver_py\p4_cpg_solver\c\solver_code\ecos.dir\debug\ecos_bb.obj
c:\users\32796\desktop\gfold\build\solver_py\p4_cpg_solver\c\solver_code\ecos.dir\debug\wright_omega.obj
c:\users\32796\desktop\gfold\build\solver_py\p4_cpg_solver\c\solver_code\ecos.dir\debug\timer.obj
c:\users\32796\desktop\gfold\build\solver_py\p4_cpg_solver\c\solver_code\ecos.dir\debug\splamm.obj
c:\users\32796\desktop\gfold\build\solver_py\p4_cpg_solver\c\solver_code\ecos.dir\debug\spla.obj
c:\users\32796\desktop\gfold\build\solver_py\p4_cpg_solver\c\solver_code\ecos.dir\debug\preproc.obj
c:\users\32796\desktop\gfold\build\solver_py\p4_cpg_solver\c\solver_code\cmakefiles\generate.stamp
c:\users\32796\desktop\gfold\build\solver_py\p4_cpg_solver\c\out\debug\ecos.dll
c:\users\32796\desktop\gfold\build\solver_py\p4_cpg_solver\c\out\debug\ecos.pdb
c:\users\32796\desktop\gfold\build\solver_py\p4_cpg_solver\c\solver_code\ecos.dir\debug\ecos.ilk
c:\users\32796\desktop\gfold\build\solver_py\p4_cpg_solver\c\solver_code\ecos.dir\debug\ecos.tlog\cl.command.1.tlog
c:\users\32796\desktop\gfold\build\solver_py\p4_cpg_solver\c\solver_code\ecos.dir\debug\ecos.tlog\cl.items.tlog
c:\users\32796\desktop\gfold\build\solver_py\p4_cpg_solver\c\solver_code\ecos.dir\debug\ecos.tlog\cl.read.1.tlog
c:\users\32796\desktop\gfold\build\solver_py\p4_cpg_solver\c\solver_code\ecos.dir\debug\ecos.tlog\cl.write.1.tlog
c:\users\32796\desktop\gfold\build\solver_py\p4_cpg_solver\c\solver_code\ecos.dir\debug\ecos.tlog\custombuild.command.1.tlog
c:\users\32796\desktop\gfold\build\solver_py\p4_cpg_solver\c\solver_code\ecos.dir\debug\ecos.tlog\custombuild.read.1.tlog
c:\users\32796\desktop\gfold\build\solver_py\p4_cpg_solver\c\solver_code\ecos.dir\debug\ecos.tlog\custombuild.write.1.tlog
c:\users\32796\desktop\gfold\build\solver_py\p4_cpg_solver\c\solver_code\ecos.dir\debug\ecos.tlog\link.command.1.tlog
c:\users\32796\desktop\gfold\build\solver_py\p4_cpg_solver\c\solver_code\ecos.dir\debug\ecos.tlog\link.read.1.tlog
c:\users\32796\desktop\gfold\build\solver_py\p4_cpg_solver\c\solver_code\ecos.dir\debug\ecos.tlog\link.secondary.1.tlog
c:\users\32796\desktop\gfold\build\solver_py\p4_cpg_solver\c\solver_code\ecos.dir\debug\ecos.tlog\link.write.1.tlog
