c:\users\32796\desktop\gfold\build\solver_py\p4_cpg_solver\c\out\debug\cpg.pdb
c:\users\32796\desktop\gfold\build\solver_py\p4_cpg_solver\c\cpg.dir\debug\ctrlc.obj
c:\users\32796\desktop\gfold\build\solver_py\p4_cpg_solver\c\cpg.dir\debug\cone.obj
c:\users\32796\desktop\gfold\build\solver_py\p4_cpg_solver\c\cpg.dir\debug\ldl.obj
c:\users\32796\desktop\gfold\build\solver_py\p4_cpg_solver\c\cpg.dir\debug\amd_valid.obj
c:\users\32796\desktop\gfold\build\solver_py\p4_cpg_solver\c\cpg.dir\debug\amd_preprocess.obj
c:\users\32796\desktop\gfold\build\solver_py\p4_cpg_solver\c\cpg.dir\debug\amd_postorder.obj
c:\users\32796\desktop\gfold\build\solver_py\p4_cpg_solver\c\cpg.dir\debug\amd_post_tree.obj
c:\users\32796\desktop\gfold\build\solver_py\p4_cpg_solver\c\cpg.dir\debug\amd_order.obj
c:\users\32796\desktop\gfold\build\solver_py\p4_cpg_solver\c\cpg.dir\debug\amd_info.obj
c:\users\32796\desktop\gfold\build\solver_py\p4_cpg_solver\c\cpg.dir\debug\amd_global.obj
c:\users\32796\desktop\gfold\build\solver_py\p4_cpg_solver\c\cpg.dir\debug\amd_dump.obj
c:\users\32796\desktop\gfold\build\solver_py\p4_cpg_solver\c\cpg.dir\debug\amd_defaults.obj
c:\users\32796\desktop\gfold\build\solver_py\p4_cpg_solver\c\cpg.dir\debug\amd_control.obj
c:\users\32796\desktop\gfold\build\solver_py\p4_cpg_solver\c\cpg.dir\debug\amd_aat.obj
c:\users\32796\desktop\gfold\build\solver_py\p4_cpg_solver\c\cpg.dir\debug\amd_2.obj
c:\users\32796\desktop\gfold\build\solver_py\p4_cpg_solver\c\cpg.dir\debug\amd_1.obj
c:\users\32796\desktop\gfold\build\solver_py\p4_cpg_solver\c\cpg.dir\debug\ecos_bb_preproc.obj
c:\users\32796\desktop\gfold\build\solver_py\p4_cpg_solver\c\cpg.dir\debug\ecos_bb.obj
c:\users\32796\desktop\gfold\build\solver_py\p4_cpg_solver\c\cpg.dir\debug\cpg_solve.obj
c:\users\32796\desktop\gfold\build\solver_py\p4_cpg_solver\c\cpg.dir\debug\cpg_workspace.obj
c:\users\32796\desktop\gfold\build\solver_py\p4_cpg_solver\c\cpg.dir\debug\wright_omega.obj
c:\users\32796\desktop\gfold\build\solver_py\p4_cpg_solver\c\cpg.dir\debug\timer.obj
c:\users\32796\desktop\gfold\build\solver_py\p4_cpg_solver\c\cpg.dir\debug\splamm.obj
c:\users\32796\desktop\gfold\build\solver_py\p4_cpg_solver\c\cpg.dir\debug\spla.obj
c:\users\32796\desktop\gfold\build\solver_py\p4_cpg_solver\c\cpg.dir\debug\preproc.obj
c:\users\32796\desktop\gfold\build\solver_py\p4_cpg_solver\c\cpg.dir\debug\kkt.obj
c:\users\32796\desktop\gfold\build\solver_py\p4_cpg_solver\c\cpg.dir\debug\expcone.obj
c:\users\32796\desktop\gfold\build\solver_py\p4_cpg_solver\c\cpg.dir\debug\equil.obj
c:\users\32796\desktop\gfold\build\solver_py\p4_cpg_solver\c\cpg.dir\debug\ecos.obj
c:\users\32796\desktop\gfold\build\solver_py\p4_cpg_solver\c\cmakefiles\generate.stamp
c:\users\32796\desktop\gfold\build\solver_py\p4_cpg_solver\c\out\debug\cpg.lib
c:\users\32796\desktop\gfold\build\solver_py\p4_cpg_solver\c\cpg.dir\debug\cpg.tlog\cl.command.1.tlog
c:\users\32796\desktop\gfold\build\solver_py\p4_cpg_solver\c\cpg.dir\debug\cpg.tlog\cl.items.tlog
c:\users\32796\desktop\gfold\build\solver_py\p4_cpg_solver\c\cpg.dir\debug\cpg.tlog\cl.read.1.tlog
c:\users\32796\desktop\gfold\build\solver_py\p4_cpg_solver\c\cpg.dir\debug\cpg.tlog\cl.write.1.tlog
c:\users\32796\desktop\gfold\build\solver_py\p4_cpg_solver\c\cpg.dir\debug\cpg.tlog\custombuild.command.1.tlog
c:\users\32796\desktop\gfold\build\solver_py\p4_cpg_solver\c\cpg.dir\debug\cpg.tlog\custombuild.read.1.tlog
c:\users\32796\desktop\gfold\build\solver_py\p4_cpg_solver\c\cpg.dir\debug\cpg.tlog\custombuild.write.1.tlog
c:\users\32796\desktop\gfold\build\solver_py\p4_cpg_solver\c\cpg.dir\debug\cpg.tlog\lib-link.read.1.tlog
c:\users\32796\desktop\gfold\build\solver_py\p4_cpg_solver\c\cpg.dir\debug\cpg.tlog\lib-link.write.1.tlog
c:\users\32796\desktop\gfold\build\solver_py\p4_cpg_solver\c\cpg.dir\debug\cpg.tlog\lib.command.1.tlog
